#
# There is insufficient memory for the Java Runtime Environment to continue.
# Native memory allocation (mmap) failed to map 27262976 bytes for Failed to commit area from 0x0000000089600000 to 0x000000008b000000 of length 27262976.
# Possible reasons:
#   The system is out of physical RAM or swap space
#   The process is running with CompressedOops enabled, and the Java Heap may be blocking the growth of the native heap
# Possible solutions:
#   Reduce memory load on the system
#   Increase physical memory or swap space
#   Check if swap backing store is full
#   Decrease Java heap size (-Xmx/-Xms)
#   Decrease number of Java threads
#   Decrease Java thread stack sizes (-Xss)
#   Set larger code cache with -XX:ReservedCodeCacheSize=
#   JVM is running with Unscaled Compressed Oops mode in which the Java heap is
#     placed in the first 4GB address space. The Java Heap base address is the
#     maximum limit for the native heap growth. Please use -XX:HeapBaseMinAddress
#     to set the Java Heap base and to place the Java Heap above 4GB virtual address.
# This output file may be truncated or incomplete.
#
#  Out of Memory Error (c:/cygwin64/tmp/openjdk-jdk11u-windows-x64-hotspot/workspace/build/src/src/hotspot/os/windows/os_windows.cpp:3291), pid=22244, tid=22160
#
# JRE version: OpenJDK Runtime Environment (11.0.5+10) (build 11.0.5+10)
# Java VM: OpenJDK 64-Bit Server VM (11.0.5+10, mixed mode, tiered, compressed oops, g1 gc, windows-amd64)
# No core dump will be written. Minidumps are not enabled by default on client versions of Windows
#

---------------  S U M M A R Y ------------

Command Line: -Dcom.sun.management.jmxremote -Dcom.sun.management.jmxremote.port=51261 -Dcom.sun.management.jmxremote.authenticate=false -Dcom.sun.management.jmxremote.ssl=false -Djava.rmi.server.hostname=localhost -Dspring.jmx.enabled=true -Dspring.application.admin.enabled=true -Xverify:none -XX:TieredStopAtLevel=1 -Dspring.boot.project.name=Sutebo_groupA -Dfile.encoding=UTF-8 jp.co.example.SuteboGroupAApplication --spring.output.ansi.enabled=always

Host: Intel(R) Core(TM) i5-4300U CPU @ 1.90GHz, 4 cores, 7G,  Windows 10 , 64 bit Build 18362 (10.0.18362.900)
Time: Sun Jun 28 12:15:08 2020 ???? (?W?€??) elapsed time: 11 seconds (0d 0h 0m 11s)

---------------  T H R E A D  ---------------

Current thread (0x0000014bc85e8000):  VMThread "VM Thread" [stack: 0x0000002443500000,0x0000002443600000] [id=22160]

Stack: [0x0000002443500000,0x0000002443600000]
[error occurred during error reporting (printing stack bounds), id 0xc0000005, EXCEPTION_ACCESS_VIOLATION (0xc0000005) at pc=0x0000014bb25b0dad]

Native frames: (J=compiled Java code, j=interpreted, Vv=VM code, C=native code)
V  [jvm.dll+0x5d9aaa]
V  [jvm.dll+0x70ed1e]
V  [jvm.dll+0x7103ab]
V  [jvm.dll+0x7109d5]
V  [jvm.dll+0x71098b]
V  [jvm.dll+0x5d9393]
V  [jvm.dll+0x5d9758]
C  [ntdll.dll+0xa11cf]
C  [ntdll.dll+0x6a209]
C  [ntdll.dll+0x9fe3e]
C  0x0000014bb25b0dad

VM_Operation (0x0000002444cf6930): CollectForMetadataAllocation, mode: safepoint, requested by thread 0x0000014bcae6c000


---------------  P R O C E S S  ---------------

Threads class SMR info:
_java_thread_list=0x0000014bcafc9e50, length=31, elements={
0x0000014bc860c800, 0x0000014bc8619000, 0x0000014bc8e83000, 0x0000014bc8634800,
0x0000014bc8636800, 0x0000014bc8e87000, 0x0000014bc85a3000, 0x0000014bc9027800,
0x0000014bc9506000, 0x0000014bc9507800, 0x0000014bc94f0800, 0x0000014bcb01d800,
0x0000014bcafd0000, 0x0000014bcafd0800, 0x0000014bcb059000, 0x0000014bcb09b800,
0x0000014bcae6c000, 0x0000014bcad2f000, 0x0000014bcb114800, 0x0000014bcb113000,
0x0000014bcb113800, 0x0000014bcb10f800, 0x0000014bcb115800, 0x0000014bcb116000,
0x0000014bcb110800, 0x0000014bcb111000, 0x0000014bcb112000, 0x0000014bcb12e800,
0x0000014bcb12f000, 0x0000014bcb130800, 0x0000014bcb130000
}

Java Threads: ( => current thread )
  0x0000014bc860c800 JavaThread "Reference Handler" daemon [_thread_blocked, id=22132, stack(0x0000002443600000,0x0000002443700000)]
  0x0000014bc8619000 JavaThread "Finalizer" daemon [_thread_blocked, id=21016, stack(0x0000002443700000,0x0000002443800000)]
  0x0000014bc8e83000 JavaThread "Signal Dispatcher" daemon [_thread_blocked, id=20440, stack(0x0000002443800000,0x0000002443900000)]
  0x0000014bc8634800 JavaThread "Attach Listener" daemon [_thread_blocked, id=20920, stack(0x0000002443900000,0x0000002443a00000)]
  0x0000014bc8636800 JavaThread "C1 CompilerThread0" daemon [_thread_blocked, id=21588, stack(0x0000002443a00000,0x0000002443b00000)]
  0x0000014bc8e87000 JavaThread "Sweeper thread" daemon [_thread_blocked, id=4284, stack(0x0000002443b00000,0x0000002443c00000)]
  0x0000014bc85a3000 JavaThread "Common-Cleaner" daemon [_thread_blocked, id=21548, stack(0x0000002443c00000,0x0000002443d00000)]
  0x0000014bc9027800 JavaThread "Service Thread" daemon [_thread_blocked, id=21540, stack(0x0000002443d00000,0x0000002443e00000)]
  0x0000014bc9506000 JavaThread "RMI TCP Accept-0" daemon [_thread_in_native, id=20484, stack(0x0000002443e00000,0x0000002443f00000)]
  0x0000014bc9507800 JavaThread "RMI TCP Accept-51261" daemon [_thread_in_native, id=21936, stack(0x0000002443f00000,0x0000002444000000)]
  0x0000014bc94f0800 JavaThread "RMI TCP Accept-0" daemon [_thread_in_native, id=21432, stack(0x0000002444000000,0x0000002444100000)]
  0x0000014bcb01d800 JavaThread "Catalina-utility-1" [_thread_blocked, id=19208, stack(0x0000002444600000,0x0000002444700000)]
  0x0000014bcafd0000 JavaThread "Catalina-utility-2" [_thread_blocked, id=22036, stack(0x0000002444800000,0x0000002444900000)]
  0x0000014bcafd0800 JavaThread "container-0" [_thread_blocked, id=18668, stack(0x0000002444900000,0x0000002444a00000)]
  0x0000014bcb059000 JavaThread "http-nio-8080-BlockPoller" daemon [_thread_in_native, id=21012, stack(0x0000002444a00000,0x0000002444b00000)]
  0x0000014bcb09b800 JavaThread "http-nio-8080-exec-1" daemon [_thread_blocked, id=21796, stack(0x0000002444b00000,0x0000002444c00000)]
  0x0000014bcae6c000 JavaThread "http-nio-8080-exec-2" daemon [_thread_blocked, id=21532, stack(0x0000002444c00000,0x0000002444d00000)]
  0x0000014bcad2f000 JavaThread "http-nio-8080-exec-3" daemon [_thread_blocked, id=18792, stack(0x0000002444d00000,0x0000002444e00000)]
  0x0000014bcb114800 JavaThread "http-nio-8080-exec-4" daemon [_thread_blocked, id=19492, stack(0x0000002444e00000,0x0000002444f00000)]
  0x0000014bcb113000 JavaThread "http-nio-8080-exec-5" daemon [_thread_blocked, id=21480, stack(0x0000002444f00000,0x0000002445000000)]
  0x0000014bcb113800 JavaThread "http-nio-8080-exec-6" daemon [_thread_blocked, id=15488, stack(0x0000002445000000,0x0000002445100000)]
  0x0000014bcb10f800 JavaThread "http-nio-8080-exec-7" daemon [_thread_blocked, id=15700, stack(0x0000002445100000,0x0000002445200000)]
  0x0000014bcb115800 JavaThread "http-nio-8080-exec-8" daemon [_thread_blocked, id=20128, stack(0x0000002445200000,0x0000002445300000)]
  0x0000014bcb116000 JavaThread "http-nio-8080-exec-9" daemon [_thread_blocked, id=22100, stack(0x0000002445300000,0x0000002445400000)]
  0x0000014bcb110800 JavaThread "http-nio-8080-exec-10" daemon [_thread_blocked, id=20640, stack(0x0000002445400000,0x0000002445500000)]
  0x0000014bcb111000 JavaThread "http-nio-8080-ClientPoller" daemon [_thread_in_native, id=20564, stack(0x0000002445500000,0x0000002445600000)]
  0x0000014bcb112000 JavaThread "http-nio-8080-Acceptor" daemon [_thread_in_native, id=22252, stack(0x0000002445600000,0x0000002445700000)]
  0x0000014bcb12e800 JavaThread "DestroyJavaVM" [_thread_blocked, id=20088, stack(0x0000002442f00000,0x0000002443000000)]
  0x0000014bcb12f000 JavaThread "RMI TCP Connection(1)-127.0.0.1" daemon [_thread_in_native, id=21596, stack(0x0000002445700000,0x0000002445800000)]
  0x0000014bcb130800 JavaThread "RMI Scheduler(0)" daemon [_thread_blocked, id=22276, stack(0x0000002445800000,0x0000002445900000)]
  0x0000014bcb130000 JavaThread "JMX server connection timeout 38" daemon [_thread_blocked, id=20272, stack(0x0000002445900000,0x0000002445a00000)]

Other Threads:
=>0x0000014bc85e8000 VMThread "VM Thread" [stack: 0x0000002443500000,0x0000002443600000] [id=22160]
  0x0000014bc94ff800 WatcherThread [stack: 0x0000002444100000,0x0000002444200000] [id=19488]
  0x0000014ba9fab000 GCTaskThread "GC Thread#0" [stack: 0x0000002443000000,0x0000002443100000] [id=18312]
  0x0000014bc9508000 GCTaskThread "GC Thread#1" [stack: 0x0000002444200000,0x0000002444300000] [id=12856]
  0x0000014bc9509000 GCTaskThread "GC Thread#2" [stack: 0x0000002444300000,0x0000002444400000] [id=21544]
  0x0000014bca884800 GCTaskThread "GC Thread#3" [stack: 0x0000002444700000,0x0000002444800000] [id=21008]
  0x0000014ba9fdb800 ConcurrentGCThread "G1 Main Marker" [stack: 0x0000002443100000,0x0000002443200000] [id=20604]
  0x0000014ba9fde800 ConcurrentGCThread "G1 Conc#0" [stack: 0x0000002443200000,0x0000002443300000] [id=22332]
  0x0000014bc8454800 ConcurrentGCThread "G1 Refine#0" [stack: 0x0000002443300000,0x0000002443400000] [id=13972]
  0x0000014bc9225800 ConcurrentGCThread "G1 Refine#1" [stack: 0x0000002444400000,0x0000002444500000] [id=21556]
  0x0000014bc940f000 ConcurrentGCThread "G1 Refine#2" [stack: 0x0000002444500000,0x0000002444600000] [id=17156]
  0x0000014bc8455000 ConcurrentGCThread "G1 Young RemSet Sampling" [stack: 0x0000002443400000,0x0000002443500000] [id=22088]

Threads with active compile tasks:

VM state:at safepoint (normal execution)

VM Mutex/Monitor currently owned by a thread:  ([mutex/lock_event])
[0x0000014ba9f95bb0] Threads_lock - owner thread: 0x0000014bc85e8000
[0x0000014ba9f95a90] Heap_lock - owner thread: 0x0000014bcae6c000

Heap address: 0x0000000081600000, size: 2026 MB, Compressed Oops mode: 32-bit
Narrow klass base: 0x0000000000000000, Narrow klass shift: 3
Compressed class space size: 1073741824 Address: 0x0000000100000000

Heap:
 garbage-first heap   total 157696K, used 17035K [0x0000000081600000, 0x0000000100000000)
  region size 1024K, 3 young (3072K), 3 survivors (3072K)
 Metaspace       used 45342K, capacity 46596K, committed 46716K, reserved 1089536K
  class space    used 5365K, capacity 5858K, committed 5964K, reserved 1048576K
Heap Regions: E=young(eden), S=young(survivor), O=old, HS=humongous(starts), HC=humongous(continues), CS=collection set, F=free, A=archive, TAMS=top-at-mark-start (previous, next)
|   0|0x0000000081600000, 0x0000000081700000, 0x0000000081700000|100%| O|  |TAMS 0x0000000081700000, 0x0000000081700000| Untracked 
|   1|0x0000000081700000, 0x0000000081800000, 0x0000000081800000|100%| O|  |TAMS 0x0000000081800000, 0x0000000081800000| Untracked 
|   2|0x0000000081800000, 0x0000000081900000, 0x0000000081900000|100%| O|  |TAMS 0x0000000081900000, 0x0000000081900000| Untracked 
|   3|0x0000000081900000, 0x0000000081a00000, 0x0000000081a00000|100%| O|  |TAMS 0x0000000081a00000, 0x0000000081a00000| Untracked 
|   4|0x0000000081a00000, 0x0000000081b00000, 0x0000000081b00000|100%| O|  |TAMS 0x0000000081b00000, 0x0000000081b00000| Untracked 
|   5|0x0000000081b00000, 0x0000000081c00000, 0x0000000081c00000|100%| O|  |TAMS 0x0000000081b5e000, 0x0000000081c00000| Untracked 
|   6|0x0000000081c00000, 0x0000000081d00000, 0x0000000081d00000|100%| O|  |TAMS 0x0000000081c00000, 0x0000000081d00000| Untracked 
|   7|0x0000000081d00000, 0x0000000081e00000, 0x0000000081e00000|100%| O|  |TAMS 0x0000000081d00000, 0x0000000081e00000| Untracked 
|   8|0x0000000081e00000, 0x0000000081f00000, 0x0000000081f00000|100%| O|  |TAMS 0x0000000081e00000, 0x0000000081f00000| Untracked 
|   9|0x0000000081f00000, 0x0000000082000000, 0x0000000082000000|100%| O|  |TAMS 0x0000000081f00000, 0x0000000082000000| Untracked 
|  10|0x0000000082000000, 0x0000000082100000, 0x0000000082100000|100%| O|  |TAMS 0x0000000082000000, 0x0000000082100000| Untracked 
|  11|0x0000000082100000, 0x0000000082200000, 0x0000000082200000|100%| O|  |TAMS 0x0000000082100000, 0x0000000082200000| Untracked 
|  12|0x0000000082200000, 0x0000000082300000, 0x0000000082300000|100%| O|  |TAMS 0x0000000082200000, 0x0000000082300000| Untracked 
|  13|0x0000000082300000, 0x00000000823df000, 0x0000000082400000| 87%| O|  |TAMS 0x0000000082300000, 0x00000000823df000| Untracked 
|  14|0x0000000082400000, 0x0000000082400000, 0x0000000082500000|  0%| F|  |TAMS 0x0000000082400000, 0x0000000082400000| Untracked 
|  15|0x0000000082500000, 0x0000000082500000, 0x0000000082600000|  0%| F|  |TAMS 0x0000000082500000, 0x0000000082500000| Untracked 
|  16|0x0000000082600000, 0x0000000082600000, 0x0000000082700000|  0%| F|  |TAMS 0x0000000082600000, 0x0000000082600000| Untracked 
|  17|0x0000000082700000, 0x0000000082700000, 0x0000000082800000|  0%| F|  |TAMS 0x0000000082700000, 0x0000000082700000| Untracked 
|  18|0x0000000082800000, 0x0000000082800000, 0x0000000082900000|  0%| F|  |TAMS 0x0000000082800000, 0x0000000082800000| Untracked 
|  19|0x0000000082900000, 0x0000000082900000, 0x0000000082a00000|  0%| F|  |TAMS 0x0000000082900000, 0x0000000082900000| Untracked 
|  20|0x0000000082a00000, 0x0000000082a00000, 0x0000000082b00000|  0%| F|  |TAMS 0x0000000082a00000, 0x0000000082a00000| Untracked 
|  21|0x0000000082b00000, 0x0000000082b00000, 0x0000000082c00000|  0%| F|  |TAMS 0x0000000082b00000, 0x0000000082b00000| Untracked 
|  22|0x0000000082c00000, 0x0000000082c00000, 0x0000000082d00000|  0%| F|  |TAMS 0x0000000082c00000, 0x0000000082c00000| Untracked 
|  23|0x0000000082d00000, 0x0000000082d00000, 0x0000000082e00000|  0%| F|  |TAMS 0x0000000082d00000, 0x0000000082d00000| Untracked 
|  24|0x0000000082e00000, 0x0000000082e00000, 0x0000000082f00000|  0%| F|  |TAMS 0x0000000082e00000, 0x0000000082e00000| Untracked 
|  25|0x0000000082f00000, 0x0000000082f00000, 0x0000000083000000|  0%| F|  |TAMS 0x0000000082f00000, 0x0000000082f00000| Untracked 
|  26|0x0000000083000000, 0x0000000083000000, 0x0000000083100000|  0%| F|  |TAMS 0x0000000083000000, 0x0000000083000000| Untracked 
|  27|0x0000000083100000, 0x0000000083100000, 0x0000000083200000|  0%| F|  |TAMS 0x0000000083100000, 0x0000000083100000| Untracked 
|  28|0x0000000083200000, 0x0000000083200000, 0x0000000083300000|  0%| F|  |TAMS 0x0000000083200000, 0x0000000083200000| Untracked 
|  29|0x0000000083300000, 0x0000000083300000, 0x0000000083400000|  0%| F|  |TAMS 0x0000000083300000, 0x0000000083300000| Untracked 
|  30|0x0000000083400000, 0x0000000083400000, 0x0000000083500000|  0%| F|  |TAMS 0x0000000083400000, 0x0000000083400000| Untracked 
|  31|0x0000000083500000, 0x0000000083500000, 0x0000000083600000|  0%| F|  |TAMS 0x0000000083500000, 0x0000000083500000| Untracked 
|  32|0x0000000083600000, 0x0000000083600000, 0x0000000083700000|  0%| F|  |TAMS 0x0000000083600000, 0x0000000083600000| Untracked 
|  33|0x0000000083700000, 0x0000000083700000, 0x0000000083800000|  0%| F|  |TAMS 0x0000000083700000, 0x0000000083700000| Untracked 
|  34|0x0000000083800000, 0x0000000083800000, 0x0000000083900000|  0%| F|  |TAMS 0x0000000083800000, 0x0000000083800000| Untracked 
|  35|0x0000000083900000, 0x0000000083900000, 0x0000000083a00000|  0%| F|  |TAMS 0x0000000083900000, 0x0000000083900000| Untracked 
|  36|0x0000000083a00000, 0x0000000083a00000, 0x0000000083b00000|  0%| F|  |TAMS 0x0000000083a00000, 0x0000000083a00000| Untracked 
|  37|0x0000000083b00000, 0x0000000083b00000, 0x0000000083c00000|  0%| F|  |TAMS 0x0000000083b00000, 0x0000000083b00000| Untracked 
|  38|0x0000000083c00000, 0x0000000083c00000, 0x0000000083d00000|  0%| F|  |TAMS 0x0000000083c00000, 0x0000000083c00000| Untracked 
|  39|0x0000000083d00000, 0x0000000083d00000, 0x0000000083e00000|  0%| F|  |TAMS 0x0000000083d00000, 0x0000000083d00000| Untracked 
|  40|0x0000000083e00000, 0x0000000083e00000, 0x0000000083f00000|  0%| F|  |TAMS 0x0000000083e00000, 0x0000000083e00000| Untracked 
|  41|0x0000000083f00000, 0x0000000083f00000, 0x0000000084000000|  0%| F|  |TAMS 0x0000000083f00000, 0x0000000083f00000| Untracked 
|  42|0x0000000084000000, 0x0000000084000000, 0x0000000084100000|  0%| F|  |TAMS 0x0000000084000000, 0x0000000084000000| Untracked 
|  43|0x0000000084100000, 0x0000000084100000, 0x0000000084200000|  0%| F|  |TAMS 0x0000000084100000, 0x0000000084100000| Untracked 
|  44|0x0000000084200000, 0x0000000084200000, 0x0000000084300000|  0%| F|  |TAMS 0x0000000084200000, 0x0000000084200000| Untracked 
|  45|0x0000000084300000, 0x0000000084300000, 0x0000000084400000|  0%| F|  |TAMS 0x0000000084300000, 0x0000000084300000| Untracked 
|  46|0x0000000084400000, 0x0000000084400000, 0x0000000084500000|  0%| F|  |TAMS 0x0000000084400000, 0x0000000084400000| Untracked 
|  47|0x0000000084500000, 0x0000000084500000, 0x0000000084600000|  0%| F|  |TAMS 0x0000000084500000, 0x0000000084500000| Untracked 
|  48|0x0000000084600000, 0x0000000084600000, 0x0000000084700000|  0%| F|  |TAMS 0x0000000084600000, 0x0000000084600000| Untracked 
|  49|0x0000000084700000, 0x0000000084700000, 0x0000000084800000|  0%| F|  |TAMS 0x0000000084700000, 0x0000000084700000| Untracked 
|  50|0x0000000084800000, 0x0000000084800000, 0x0000000084900000|  0%| F|  |TAMS 0x0000000084800000, 0x0000000084800000| Untracked 
|  51|0x0000000084900000, 0x0000000084900000, 0x0000000084a00000|  0%| F|  |TAMS 0x0000000084900000, 0x0000000084900000| Untracked 
|  52|0x0000000084a00000, 0x0000000084a00000, 0x0000000084b00000|  0%| F|  |TAMS 0x0000000084a00000, 0x0000000084a00000| Untracked 
|  53|0x0000000084b00000, 0x0000000084b00000, 0x0000000084c00000|  0%| F|  |TAMS 0x0000000084b00000, 0x0000000084b00000| Untracked 
|  54|0x0000000084c00000, 0x0000000084c00000, 0x0000000084d00000|  0%| F|  |TAMS 0x0000000084c00000, 0x0000000084c00000| Untracked 
|  55|0x0000000084d00000, 0x0000000084d00000, 0x0000000084e00000|  0%| F|  |TAMS 0x0000000084d00000, 0x0000000084d00000| Untracked 
|  56|0x0000000084e00000, 0x0000000084e00000, 0x0000000084f00000|  0%| F|  |TAMS 0x0000000084e00000, 0x0000000084e00000| Untracked 
|  57|0x0000000084f00000, 0x0000000084f00000, 0x0000000085000000|  0%| F|  |TAMS 0x0000000084f00000, 0x0000000084f00000| Untracked 
|  58|0x0000000085000000, 0x0000000085000000, 0x0000000085100000|  0%| F|  |TAMS 0x0000000085000000, 0x0000000085000000| Untracked 
|  59|0x0000000085100000, 0x0000000085100000, 0x0000000085200000|  0%| F|  |TAMS 0x0000000085100000, 0x0000000085100000| Untracked 
|  60|0x0000000085200000, 0x0000000085200000, 0x0000000085300000|  0%| F|  |TAMS 0x0000000085200000, 0x0000000085200000| Untracked 
|  61|0x0000000085300000, 0x0000000085300000, 0x0000000085400000|  0%| F|  |TAMS 0x0000000085300000, 0x0000000085300000| Untracked 
|  62|0x0000000085400000, 0x0000000085400000, 0x0000000085500000|  0%| F|  |TAMS 0x0000000085400000, 0x0000000085400000| Untracked 
|  63|0x0000000085500000, 0x0000000085500000, 0x0000000085600000|  0%| F|  |TAMS 0x0000000085500000, 0x0000000085500000| Untracked 
|  64|0x0000000085600000, 0x0000000085600000, 0x0000000085700000|  0%| F|  |TAMS 0x0000000085600000, 0x0000000085600000| Untracked 
|  65|0x0000000085700000, 0x0000000085700000, 0x0000000085800000|  0%| F|  |TAMS 0x0000000085700000, 0x0000000085700000| Untracked 
|  66|0x0000000085800000, 0x0000000085800000, 0x0000000085900000|  0%| F|  |TAMS 0x0000000085800000, 0x0000000085800000| Untracked 
|  67|0x0000000085900000, 0x0000000085900000, 0x0000000085a00000|  0%| F|  |TAMS 0x0000000085900000, 0x0000000085900000| Untracked 
|  68|0x0000000085a00000, 0x0000000085a00000, 0x0000000085b00000|  0%| F|  |TAMS 0x0000000085a00000, 0x0000000085a00000| Untracked 
|  69|0x0000000085b00000, 0x0000000085b00000, 0x0000000085c00000|  0%| F|  |TAMS 0x0000000085b00000, 0x0000000085b00000| Untracked 
|  70|0x0000000085c00000, 0x0000000085c00000, 0x0000000085d00000|  0%| F|  |TAMS 0x0000000085c00000, 0x0000000085c00000| Untracked 
|  71|0x0000000085d00000, 0x0000000085d00000, 0x0000000085e00000|  0%| F|  |TAMS 0x0000000085d00000, 0x0000000085d00000| Untracked 
|  72|0x0000000085e00000, 0x0000000085e00000, 0x0000000085f00000|  0%| F|  |TAMS 0x0000000085e00000, 0x0000000085e00000| Untracked 
|  73|0x0000000085f00000, 0x0000000085f00000, 0x0000000086000000|  0%| F|  |TAMS 0x0000000085f00000, 0x0000000085f00000| Untracked 
|  74|0x0000000086000000, 0x0000000086000000, 0x0000000086100000|  0%| F|  |TAMS 0x0000000086000000, 0x0000000086000000| Untracked 
|  75|0x0000000086100000, 0x0000000086100000, 0x0000000086200000|  0%| F|  |TAMS 0x0000000086100000, 0x0000000086100000| Untracked 
|  76|0x0000000086200000, 0x0000000086200000, 0x0000000086300000|  0%| F|  |TAMS 0x0000000086200000, 0x0000000086200000| Untracked 
|  77|0x0000000086300000, 0x0000000086300000, 0x0000000086400000|  0%| F|  |TAMS 0x0000000086300000, 0x0000000086300000| Untracked 
|  78|0x0000000086400000, 0x00000000864c3d00, 0x0000000086500000| 76%| S|CS|TAMS 0x0000000086400000, 0x0000000086400000| Complete 
|  79|0x0000000086500000, 0x0000000086600000, 0x0000000086600000|100%| S|CS|TAMS 0x0000000086500000, 0x0000000086500000| Complete 
|  80|0x0000000086600000, 0x0000000086700000, 0x0000000086700000|100%| S|CS|TAMS 0x0000000086600000, 0x0000000086600000| Complete 
|  81|0x0000000086700000, 0x0000000086700000, 0x0000000086800000|  0%| F|  |TAMS 0x0000000086700000, 0x0000000086700000| Untracked 
|  82|0x0000000086800000, 0x0000000086800000, 0x0000000086900000|  0%| F|  |TAMS 0x0000000086800000, 0x0000000086800000| Untracked 
|  83|0x0000000086900000, 0x0000000086900000, 0x0000000086a00000|  0%| F|  |TAMS 0x0000000086900000, 0x0000000086900000| Untracked 
|  84|0x0000000086a00000, 0x0000000086a00000, 0x0000000086b00000|  0%| F|  |TAMS 0x0000000086a00000, 0x0000000086a00000| Untracked 
|  85|0x0000000086b00000, 0x0000000086b00000, 0x0000000086c00000|  0%| F|  |TAMS 0x0000000086b00000, 0x0000000086b00000| Untracked 
|  86|0x0000000086c00000, 0x0000000086c00000, 0x0000000086d00000|  0%| F|  |TAMS 0x0000000086c00000, 0x0000000086c00000| Untracked 
|  87|0x0000000086d00000, 0x0000000086d00000, 0x0000000086e00000|  0%| F|  |TAMS 0x0000000086d00000, 0x0000000086d00000| Untracked 
|  88|0x0000000086e00000, 0x0000000086e00000, 0x0000000086f00000|  0%| F|  |TAMS 0x0000000086e00000, 0x0000000086e00000| Untracked 
|  89|0x0000000086f00000, 0x0000000086f00000, 0x0000000087000000|  0%| F|  |TAMS 0x0000000086f00000, 0x0000000086f00000| Untracked 
|  90|0x0000000087000000, 0x0000000087000000, 0x0000000087100000|  0%| F|  |TAMS 0x0000000087000000, 0x0000000087000000| Untracked 
|  91|0x0000000087100000, 0x0000000087100000, 0x0000000087200000|  0%| F|  |TAMS 0x0000000087100000, 0x0000000087100000| Untracked 
|  92|0x0000000087200000, 0x0000000087200000, 0x0000000087300000|  0%| F|  |TAMS 0x0000000087200000, 0x0000000087200000| Untracked 
|  93|0x0000000087300000, 0x0000000087300000, 0x0000000087400000|  0%| F|  |TAMS 0x0000000087300000, 0x0000000087300000| Untracked 
|  94|0x0000000087400000, 0x0000000087400000, 0x0000000087500000|  0%| F|  |TAMS 0x0000000087400000, 0x0000000087400000| Untracked 
|  95|0x0000000087500000, 0x0000000087500000, 0x0000000087600000|  0%| F|  |TAMS 0x0000000087500000, 0x0000000087500000| Untracked 
|  96|0x0000000087600000, 0x0000000087600000, 0x0000000087700000|  0%| F|  |TAMS 0x0000000087600000, 0x0000000087600000| Untracked 
|  97|0x0000000087700000, 0x0000000087700000, 0x0000000087800000|  0%| F|  |TAMS 0x0000000087700000, 0x0000000087700000| Untracked 
|  98|0x0000000087800000, 0x0000000087800000, 0x0000000087900000|  0%| F|  |TAMS 0x0000000087800000, 0x0000000087800000| Untracked 
|  99|0x0000000087900000, 0x0000000087900000, 0x0000000087a00000|  0%| F|  |TAMS 0x0000000087900000, 0x0000000087900000| Untracked 
| 100|0x0000000087a00000, 0x0000000087a00000, 0x0000000087b00000|  0%| F|  |TAMS 0x0000000087a00000, 0x0000000087a00000| Untracked 
| 101|0x0000000087b00000, 0x0000000087b00000, 0x0000000087c00000|  0%| F|  |TAMS 0x0000000087b00000, 0x0000000087b00000| Untracked 
| 102|0x0000000087c00000, 0x0000000087c00000, 0x0000000087d00000|  0%| F|  |TAMS 0x0000000087c00000, 0x0000000087c00000| Untracked 
| 103|0x0000000087d00000, 0x0000000087d00000, 0x0000000087e00000|  0%| F|  |TAMS 0x0000000087d00000, 0x0000000087d00000| Untracked 
| 104|0x0000000087e00000, 0x0000000087e00000, 0x0000000087f00000|  0%| F|  |TAMS 0x0000000087e00000, 0x0000000087e00000| Untracked 
| 105|0x0000000087f00000, 0x0000000087f00000, 0x0000000088000000|  0%| F|  |TAMS 0x0000000087f00000, 0x0000000087f00000| Untracked 
| 106|0x0000000088000000, 0x0000000088000000, 0x0000000088100000|  0%| F|  |TAMS 0x0000000088000000, 0x0000000088000000| Untracked 
| 107|0x0000000088100000, 0x0000000088100000, 0x0000000088200000|  0%| F|  |TAMS 0x0000000088100000, 0x0000000088100000| Untracked 
| 108|0x0000000088200000, 0x0000000088200000, 0x0000000088300000|  0%| F|  |TAMS 0x0000000088200000, 0x0000000088200000| Untracked 
| 109|0x0000000088300000, 0x0000000088300000, 0x0000000088400000|  0%| F|  |TAMS 0x0000000088300000, 0x0000000088300000| Untracked 
| 110|0x0000000088400000, 0x0000000088400000, 0x0000000088500000|  0%| F|  |TAMS 0x0000000088400000, 0x0000000088400000| Untracked 
| 111|0x0000000088500000, 0x0000000088500000, 0x0000000088600000|  0%| F|  |TAMS 0x0000000088500000, 0x0000000088500000| Untracked 
| 112|0x0000000088600000, 0x0000000088600000, 0x0000000088700000|  0%| F|  |TAMS 0x0000000088600000, 0x0000000088600000| Untracked 
| 113|0x0000000088700000, 0x0000000088700000, 0x0000000088800000|  0%| F|  |TAMS 0x0000000088700000, 0x0000000088700000| Untracked 
| 114|0x0000000088800000, 0x0000000088800000, 0x0000000088900000|  0%| F|  |TAMS 0x0000000088800000, 0x0000000088800000| Untracked 
| 115|0x0000000088900000, 0x0000000088900000, 0x0000000088a00000|  0%| F|  |TAMS 0x0000000088900000, 0x0000000088900000| Untracked 
| 116|0x0000000088a00000, 0x0000000088a00000, 0x0000000088b00000|  0%| F|  |TAMS 0x0000000088a00000, 0x0000000088a00000| Untracked 
| 117|0x0000000088b00000, 0x0000000088b00000, 0x0000000088c00000|  0%| F|  |TAMS 0x0000000088b00000, 0x0000000088b00000| Untracked 
| 118|0x0000000088c00000, 0x0000000088c00000, 0x0000000088d00000|  0%| F|  |TAMS 0x0000000088c00000, 0x0000000088c00000| Untracked 
| 119|0x0000000088d00000, 0x0000000088d00000, 0x0000000088e00000|  0%| F|  |TAMS 0x0000000088d00000, 0x0000000088d00000| Untracked 
| 120|0x0000000088e00000, 0x0000000088e00000, 0x0000000088f00000|  0%| F|  |TAMS 0x0000000088e00000, 0x0000000088e00000| Untracked 
| 121|0x0000000088f00000, 0x0000000088f00000, 0x0000000089000000|  0%| F|  |TAMS 0x0000000088f00000, 0x0000000088f00000| Untracked 
| 122|0x0000000089000000, 0x0000000089000000, 0x0000000089100000|  0%| F|  |TAMS 0x0000000089000000, 0x0000000089000000| Untracked 
| 123|0x0000000089100000, 0x0000000089100000, 0x0000000089200000|  0%| F|  |TAMS 0x0000000089100000, 0x0000000089100000| Untracked 
| 124|0x0000000089200000, 0x0000000089200000, 0x0000000089300000|  0%| F|  |TAMS 0x0000000089200000, 0x0000000089200000| Untracked 
| 125|0x0000000089300000, 0x0000000089300000, 0x0000000089400000|  0%| F|  |TAMS 0x0000000089300000, 0x0000000089300000| Untracked 
| 126|0x0000000089400000, 0x0000000089400000, 0x0000000089500000|  0%| F|  |TAMS 0x0000000089400000, 0x0000000089400000| Untracked 
| 127|0x0000000089500000, 0x0000000089500000, 0x0000000089600000|  0%| F|  |TAMS 0x0000000089500000, 0x0000000089500000| Untracked 

Card table byte_map: [0x0000014bc19b0000,0x0000014bc1db0000] _byte_map_base: 0x0000014bc15a5000

Marking Bits (Prev, Next): (CMBitMap*) 0x0000014ba9fd1998, (CMBitMap*) 0x0000014ba9fd19d0
 Prev Bits: [0x0000014bc21b0000, 0x0000014bc4158000)
 Next Bits: [0x0000014bc4160000, 0x0000014bc6108000)

Polling page: 0x0000014ba7db0000

Metaspace:

Usage:
  Non-class:     39.78 MB capacity,    39.04 MB ( 98%) used,   611.78 KB (  2%) free+waste,   149.31 KB ( <1%) overhead. 
      Class:      5.72 MB capacity,     5.24 MB ( 92%) used,   420.21 KB (  7%) free+waste,    72.00 KB (  1%) overhead. 
       Both:     45.50 MB capacity,    44.28 MB ( 97%) used,     1.01 MB (  2%) free+waste,   221.31 KB ( <1%) overhead. 

Virtual space:
  Non-class space:       40.00 MB reserved,      39.80 MB (>99%) committed 
      Class space:        1.00 GB reserved,       5.82 MB ( <1%) committed 
             Both:        1.04 GB reserved,      45.62 MB (  4%) committed 

Chunk freelists:
   Non-Class:  14.00 KB
       Class:  0 bytes
        Both:  14.00 KB

MaxMetaspaceSize: 17179869184.00 GB
CompressedClassSpaceSize: 1.00 GB

CodeHeap 'non-profiled nmethods': size=238912Kb used=7356Kb max_used=7356Kb free=231555Kb
 bounds [0x0000014bb2c60000, 0x0000014bb3390000, 0x0000014bc15b0000]
CodeHeap 'non-nmethods': size=6848Kb used=1202Kb max_used=1202Kb free=5646Kb
 bounds [0x0000014bb25b0000, 0x0000014bb2820000, 0x0000014bb2c60000]
 total_blobs=5152 nmethods=4317 adapters=479
 compilation: enabled
              stopped_count=0, restarted_count=0
 full_count=0

Compilation events (20 events):
Event: 11.105 Thread 0x0000014bc8636800 4317       1       com.sun.jmx.interceptor.DefaultMBeanServerInterceptor::getClassName (27 bytes)
Event: 11.106 Thread 0x0000014bc8636800 nmethod 4317 0x0000014bb338b510 code [0x0000014bb338b6e0, 0x0000014bb338b940]
Event: 11.106 Thread 0x0000014bc8636800 4318   !   1       javax.management.StandardMBean::getMBeanInfo (222 bytes)
Event: 11.108 Thread 0x0000014bc8636800 nmethod 4318 0x0000014bb338ba90 code [0x0000014bb338bdc0, 0x0000014bb338c720]
Event: 11.108 Thread 0x0000014bc8636800 4316       1       com.sun.jmx.mbeanserver.NamedObject::getName (5 bytes)
Event: 11.108 Thread 0x0000014bc8636800 nmethod 4316 0x0000014bb338cf90 code [0x0000014bb338d140, 0x0000014bb338d258]
Event: 11.113 Thread 0x0000014bc8636800 4319       1       java.io.ObjectStreamClass$WeakClassKey::hashCode (5 bytes)
Event: 11.113 Thread 0x0000014bc8636800 nmethod 4319 0x0000014bb338d310 code [0x0000014bb338d4c0, 0x0000014bb338d5d8]
Event: 11.853 Thread 0x0000014bc8636800 4320   !   1       org.apache.tomcat.util.http.parser.HttpParser::isToken (9 bytes)
Event: 11.853 Thread 0x0000014bc8636800 nmethod 4320 0x0000014bb338d690 code [0x0000014bb338d840, 0x0000014bb338d998]
Event: 11.853 Thread 0x0000014bc8636800 4321       1       org.apache.tomcat.util.buf.MessageBytes::equalsIgnoreCase (78 bytes)
Event: 11.853 Thread 0x0000014bc8636800 nmethod 4321 0x0000014bb338da90 code [0x0000014bb338dc60, 0x0000014bb338de70]
Event: 11.853 Thread 0x0000014bc8636800 4323       1       org.apache.tomcat.util.buf.ByteChunk::equalsIgnoreCase (76 bytes)
Event: 11.854 Thread 0x0000014bc8636800 nmethod 4323 0x0000014bb338df90 code [0x0000014bb338e180, 0x0000014bb338e580]
Event: 11.854 Thread 0x0000014bc8636800 4322       1       org.apache.tomcat.util.buf.AbstractChunk::getLength (10 bytes)
Event: 11.855 Thread 0x0000014bc8636800 nmethod 4322 0x0000014bb338e910 code [0x0000014bb338eac0, 0x0000014bb338ebd8]
Event: 11.855 Thread 0x0000014bc8636800 4324       1       java.util.concurrent.locks.ReentrantReadWriteLock$NonfairSync::readerShouldBlock (5 bytes)
Event: 11.855 Thread 0x0000014bc8636800 nmethod 4324 0x0000014bb338ec90 code [0x0000014bb338ee40, 0x0000014bb338ef70]
Event: 11.855 Thread 0x0000014bc8636800 4325       1       java.util.concurrent.locks.AbstractQueuedSynchronizer::apparentlyFirstQueuedIsExclusive (38 bytes)
Event: 11.855 Thread 0x0000014bc8636800 nmethod 4325 0x0000014bb338f010 code [0x0000014bb338f1c0, 0x0000014bb338f358]

GC Heap History (13 events):
Event: 1.455 GC heap before
{Heap before GC invocations=0 (full 0):
 garbage-first heap   total 131072K, used 14336K [0x0000000081600000, 0x0000000100000000)
  region size 1024K, 14 young (14336K), 0 survivors (0K)
 Metaspace       used 13945K, capacity 14276K, committed 14464K, reserved 1062912K
  class space    used 1440K, capacity 1572K, committed 1664K, reserved 1048576K
}
Event: 1.464 GC heap after
{Heap after GC invocations=1 (full 0):
 garbage-first heap   total 131072K, used 5222K [0x0000000081600000, 0x0000000100000000)
  region size 1024K, 2 young (2048K), 2 survivors (2048K)
 Metaspace       used 13945K, capacity 14276K, committed 14464K, reserved 1062912K
  class space    used 1440K, capacity 1572K, committed 1664K, reserved 1048576K
}
Event: 1.619 GC heap before
{Heap before GC invocations=1 (full 0):
 garbage-first heap   total 131072K, used 11366K [0x0000000081600000, 0x0000000100000000)
  region size 1024K, 8 young (8192K), 2 survivors (2048K)
 Metaspace       used 15035K, capacity 15426K, committed 15616K, reserved 1062912K
  class space    used 1574K, capacity 1724K, committed 1792K, reserved 1048576K
}
Event: 1.623 GC heap after
{Heap after GC invocations=2 (full 0):
 garbage-first heap   total 131072K, used 5928K [0x0000000081600000, 0x0000000100000000)
  region size 1024K, 1 young (1024K), 1 survivors (1024K)
 Metaspace       used 15035K, capacity 15426K, committed 15616K, reserved 1062912K
  class space    used 1574K, capacity 1724K, committed 1792K, reserved 1048576K
}
Event: 1.883 GC heap before
{Heap before GC invocations=2 (full 0):
 garbage-first heap   total 131072K, used 25384K [0x0000000081600000, 0x0000000100000000)
  region size 1024K, 21 young (21504K), 1 survivors (1024K)
 Metaspace       used 18888K, capacity 19447K, committed 19584K, reserved 1067008K
  class space    used 2154K, capacity 2349K, committed 2432K, reserved 1048576K
}
Event: 1.886 GC heap after
{Heap after GC invocations=3 (full 0):
 garbage-first heap   total 131072K, used 6955K [0x0000000081600000, 0x0000000100000000)
  region size 1024K, 2 young (2048K), 2 survivors (2048K)
 Metaspace       used 18888K, capacity 19447K, committed 19584K, reserved 1067008K
  class space    used 2154K, capacity 2349K, committed 2432K, reserved 1048576K
}
Event: 1.986 GC heap before
{Heap before GC invocations=3 (full 0):
 garbage-first heap   total 131072K, used 19243K [0x0000000081600000, 0x0000000100000000)
  region size 1024K, 15 young (15360K), 2 survivors (2048K)
 Metaspace       used 20701K, capacity 21198K, committed 21296K, reserved 1069056K
  class space    used 2462K, capacity 2655K, committed 2688K, reserved 1048576K
}
Event: 1.990 GC heap after
{Heap after GC invocations=4 (full 0):
 garbage-first heap   total 131072K, used 7544K [0x0000000081600000, 0x0000000100000000)
  region size 1024K, 2 young (2048K), 2 survivors (2048K)
 Metaspace       used 20701K, capacity 21198K, committed 21296K, reserved 1069056K
  class space    used 2462K, capacity 2655K, committed 2688K, reserved 1048576K
}
Event: 2.727 GC heap before
{Heap before GC invocations=5 (full 0):
 garbage-first heap   total 131072K, used 56696K [0x0000000081600000, 0x0000000100000000)
  region size 1024K, 51 young (52224K), 2 survivors (2048K)
 Metaspace       used 26745K, capacity 27540K, committed 27644K, reserved 1073152K
  class space    used 3268K, capacity 3621K, committed 3660K, reserved 1048576K
}
Event: 2.739 GC heap after
{Heap after GC invocations=6 (full 0):
 garbage-first heap   total 131072K, used 9592K [0x0000000081600000, 0x0000000100000000)
  region size 1024K, 4 young (4096K), 4 survivors (4096K)
 Metaspace       used 26745K, capacity 27540K, committed 27644K, reserved 1073152K
  class space    used 3268K, capacity 3621K, committed 3660K, reserved 1048576K
}
Event: 3.896 GC heap before
{Heap before GC invocations=7 (full 0):
 garbage-first heap   total 131072K, used 83320K [0x0000000081600000, 0x0000000100000000)
  region size 1024K, 76 young (77824K), 4 survivors (4096K)
 Metaspace       used 36734K, capacity 37891K, committed 38012K, reserved 1083392K
  class space    used 4543K, capacity 4994K, committed 5068K, reserved 1048576K
}
Event: 3.913 GC heap after
{Heap after GC invocations=8 (full 0):
 garbage-first heap   total 131072K, used 15053K [0x0000000081600000, 0x0000000100000000)
  region size 1024K, 10 young (10240K), 10 survivors (10240K)
 Metaspace       used 36734K, capacity 37891K, committed 38012K, reserved 1083392K
  class space    used 4543K, capacity 4994K, committed 5068K, reserved 1048576K
}
Event: 11.861 GC heap before
{Heap before GC invocations=8 (full 0):
 garbage-first heap   total 131072K, used 61133K [0x0000000081600000, 0x0000000100000000)
  region size 1024K, 57 young (58368K), 10 survivors (10240K)
 Metaspace       used 45342K, capacity 46596K, committed 46716K, reserved 1089536K
  class space    used 5365K, capacity 5858K, committed 5964K, reserved 1048576K
}

Deoptimization events (2 events):
Event: 3.713 Thread 0x0000014ba7eea000 DEOPT PACKING pc=0x0000014bb2ee442f sp=0x0000002442ffcf40
Event: 3.713 Thread 0x0000014ba7eea000 DEOPT UNPACKING pc=0x0000014bb25d8d4e sp=0x0000002442ffc448 mode 3

Classes redefined (0 events):
No events

Internal exceptions (20 events):
Event: 11.108 Thread 0x0000014bcb12f000 Exception <a 'java/lang/ClassNotFoundException'{0x00000000868e9038}: org/springframework/context/support/LiveBeansView> (0x00000000868e9038) thrown at [c:/cygwin64/tmp/openjdk-jdk11u-windows-x64-hotspot/workspace/build/src/src/hotspot/share/classfile/syst
Event: 11.108 Thread 0x0000014bcb12f000 Exception <a 'java/lang/ClassNotFoundException'{0x00000000868e93d8}: org/springframework/context/support/LiveBeansView> (0x00000000868e93d8) thrown at [c:/cygwin64/tmp/openjdk-jdk11u-windows-x64-hotspot/workspace/build/src/src/hotspot/share/classfile/syst
Event: 11.108 Thread 0x0000014bcb12f000 Exception <a 'java/lang/ClassNotFoundException'{0x00000000868e9798}: org/springframework/context/support/LiveBeansView> (0x00000000868e9798) thrown at [c:/cygwin64/tmp/openjdk-jdk11u-windows-x64-hotspot/workspace/build/src/src/hotspot/share/classfile/syst
Event: 11.108 Thread 0x0000014bcb12f000 Exception <a 'java/lang/ClassNotFoundException'{0x00000000868e9b50}: org/springframework/context/support/LiveBeansView> (0x00000000868e9b50) thrown at [c:/cygwin64/tmp/openjdk-jdk11u-windows-x64-hotspot/workspace/build/src/src/hotspot/share/classfile/syst
Event: 11.108 Thread 0x0000014bcb12f000 Exception <a 'java/lang/ClassNotFoundException'{0x00000000868e9f00}: org/springframework/context/support/LiveBeansView> (0x00000000868e9f00) thrown at [c:/cygwin64/tmp/openjdk-jdk11u-windows-x64-hotspot/workspace/build/src/src/hotspot/share/classfile/syst
Event: 11.108 Thread 0x0000014bcb12f000 Exception <a 'java/lang/ClassNotFoundException'{0x00000000868ea2a8}: org/springframework/context/support/LiveBeansView> (0x00000000868ea2a8) thrown at [c:/cygwin64/tmp/openjdk-jdk11u-windows-x64-hotspot/workspace/build/src/src/hotspot/share/classfile/syst
Event: 11.108 Thread 0x0000014bcb12f000 Exception <a 'java/lang/ClassNotFoundException'{0x00000000868ea668}: org/springframework/context/support/LiveBeansView> (0x00000000868ea668) thrown at [c:/cygwin64/tmp/openjdk-jdk11u-windows-x64-hotspot/workspace/build/src/src/hotspot/share/classfile/syst
Event: 11.108 Thread 0x0000014bcb12f000 Exception <a 'java/lang/ClassNotFoundException'{0x00000000868eaa10}: org/springframework/context/support/LiveBeansView> (0x00000000868eaa10) thrown at [c:/cygwin64/tmp/openjdk-jdk11u-windows-x64-hotspot/workspace/build/src/src/hotspot/share/classfile/syst
Event: 11.108 Thread 0x0000014bcb12f000 Exception <a 'java/lang/ClassNotFoundException'{0x00000000868eadd0}: org/springframework/context/support/LiveBeansView> (0x00000000868eadd0) thrown at [c:/cygwin64/tmp/openjdk-jdk11u-windows-x64-hotspot/workspace/build/src/src/hotspot/share/classfile/syst
Event: 11.108 Thread 0x0000014bcb12f000 Exception <a 'java/lang/ClassNotFoundException'{0x00000000868eb188}: org/springframework/context/support/LiveBeansView> (0x00000000868eb188) thrown at [c:/cygwin64/tmp/openjdk-jdk11u-windows-x64-hotspot/workspace/build/src/src/hotspot/share/classfile/syst
Event: 11.108 Thread 0x0000014bcb12f000 Exception <a 'java/lang/ClassNotFoundException'{0x00000000868eb538}: org/springframework/context/support/LiveBeansView> (0x00000000868eb538) thrown at [c:/cygwin64/tmp/openjdk-jdk11u-windows-x64-hotspot/workspace/build/src/src/hotspot/share/classfile/syst
Event: 11.108 Thread 0x0000014bcb12f000 Exception <a 'java/lang/ClassNotFoundException'{0x00000000868eb8f8}: org/springframework/context/support/LiveBeansView> (0x00000000868eb8f8) thrown at [c:/cygwin64/tmp/openjdk-jdk11u-windows-x64-hotspot/workspace/build/src/src/hotspot/share/classfile/syst
Event: 11.108 Thread 0x0000014bcb12f000 Exception <a 'java/lang/ClassNotFoundException'{0x00000000868ebcb8}: org/springframework/context/support/LiveBeansView> (0x00000000868ebcb8) thrown at [c:/cygwin64/tmp/openjdk-jdk11u-windows-x64-hotspot/workspace/build/src/src/hotspot/share/classfile/syst
Event: 11.108 Thread 0x0000014bcb12f000 Exception <a 'java/lang/ClassNotFoundException'{0x00000000868ec058}: org/springframework/context/support/LiveBeansView> (0x00000000868ec058) thrown at [c:/cygwin64/tmp/openjdk-jdk11u-windows-x64-hotspot/workspace/build/src/src/hotspot/share/classfile/syst
Event: 11.108 Thread 0x0000014bcb12f000 Exception <a 'java/lang/ClassNotFoundException'{0x00000000868ec410}: org/springframework/context/support/LiveBeansView> (0x00000000868ec410) thrown at [c:/cygwin64/tmp/openjdk-jdk11u-windows-x64-hotspot/workspace/build/src/src/hotspot/share/classfile/syst
Event: 11.108 Thread 0x0000014bcb12f000 Exception <a 'java/lang/ClassNotFoundException'{0x00000000868ec7b8}: org/springframework/context/support/LiveBeansView> (0x00000000868ec7b8) thrown at [c:/cygwin64/tmp/openjdk-jdk11u-windows-x64-hotspot/workspace/build/src/src/hotspot/share/classfile/syst
Event: 11.111 Thread 0x0000014bcb12f000 Exception <a 'java/lang/ClassNotFoundException'{0x0000000086723c68}: org/springframework/context/support/LiveBeansView> (0x0000000086723c68) thrown at [c:/cygwin64/tmp/openjdk-jdk11u-windows-x64-hotspot/workspace/build/src/src/hotspot/share/classfile/syst
Event: 11.111 Thread 0x0000014bcb12f000 Exception <a 'java/lang/ClassNotFoundException'{0x00000000867240c0}: org/springframework/context/support/LiveBeansView> (0x00000000867240c0) thrown at [c:/cygwin64/tmp/openjdk-jdk11u-windows-x64-hotspot/workspace/build/src/src/hotspot/share/classfile/syst
Event: 11.111 Thread 0x0000014bcb12f000 Exception <a 'java/lang/ClassNotFoundException'{0x0000000086724470}: org/springframework/context/support/LiveBeansView> (0x0000000086724470) thrown at [c:/cygwin64/tmp/openjdk-jdk11u-windows-x64-hotspot/workspace/build/src/src/hotspot/share/classfile/syst
Event: 11.111 Thread 0x0000014bcb12f000 Exception <a 'java/lang/ClassNotFoundException'{0x0000000086724820}: org/springframework/context/support/LiveBeansView> (0x0000000086724820) thrown at [c:/cygwin64/tmp/openjdk-jdk11u-windows-x64-hotspot/workspace/build/src/src/hotspot/share/classfile/syst

Events (20 events):
Event: 11.111 loading class org/springframework/context/support/LiveBeansView done
Event: 11.111 loading class org/springframework/context/support/LiveBeansView
Event: 11.111 loading class org/springframework/context/support/LiveBeansView done
Event: 11.111 loading class org/springframework/context/support/LiveBeansView
Event: 11.111 loading class org/springframework/context/support/LiveBeansView done
Event: 11.852 Executing VM operation: RevokeBias
Event: 11.852 Executing VM operation: RevokeBias done
Event: 11.852 Executing VM operation: RevokeBias
Event: 11.852 Executing VM operation: RevokeBias done
Event: 11.855 Executing VM operation: RevokeBias
Event: 11.855 Executing VM operation: RevokeBias done
Event: 11.858 loading class org/springframework/web/servlet/mvc/method/annotation/ExtendedServletRequestDataBinder
Event: 11.858 loading class org/springframework/web/servlet/mvc/method/annotation/ExtendedServletRequestDataBinder done
Event: 11.859 loading class org/springframework/web/bind/ServletRequestDataBinder
Event: 11.859 loading class org/springframework/web/bind/ServletRequestDataBinder done
Event: 11.860 loading class org/springframework/web/bind/WebDataBinder
Event: 11.860 loading class org/springframework/web/bind/WebDataBinder done
Event: 11.860 loading class org/springframework/validation/DataBinder
Event: 11.860 loading class org/springframework/validation/DataBinder done
Event: 11.861 Executing VM operation: CollectForMetadataAllocation


Dynamic libraries:
0x00007ff7dd320000 - 0x00007ff7dd32d000 	C:\pleiades-2019-12-java-win-64bit-jre_20200213\pleiades\java\11\bin\javaw.exe
0x00007ffbdbea0000 - 0x00007ffbdc090000 	C:\Windows\SYSTEM32\ntdll.dll
0x00007ffbda2f0000 - 0x00007ffbda3a2000 	C:\Windows\System32\KERNEL32.DLL
0x00007ffbd8f50000 - 0x00007ffbd91f4000 	C:\Windows\System32\KERNELBASE.dll
0x00007ffbd9b70000 - 0x00007ffbd9c6a000 	C:\Windows\System32\ucrtbase.dll
0x00007ffba9600000 - 0x00007ffba9617000 	C:\pleiades-2019-12-java-win-64bit-jre_20200213\pleiades\java\11\bin\jli.dll
0x00007ffba9620000 - 0x00007ffba9636000 	C:\pleiades-2019-12-java-win-64bit-jre_20200213\pleiades\java\11\bin\VCRUNTIME140.dll
0x00007ffbda460000 - 0x00007ffbda5f4000 	C:\Windows\System32\USER32.dll
0x00007ffbd9c70000 - 0x00007ffbd9c91000 	C:\Windows\System32\win32u.dll
0x00007ffbcc540000 - 0x00007ffbcc7c4000 	C:\Windows\WinSxS\amd64_microsoft.windows.common-controls_6595b64144ccf1df_6.0.18362.900_none_e6beb9d913147d17\COMCTL32.dll
0x00007ffbdad30000 - 0x00007ffbdad56000 	C:\Windows\System32\GDI32.dll
0x00007ffbda600000 - 0x00007ffbda69e000 	C:\Windows\System32\msvcrt.dll
0x00007ffbd9ca0000 - 0x00007ffbd9e35000 	C:\Windows\System32\gdi32full.dll
0x00007ffbd9ad0000 - 0x00007ffbd9b6e000 	C:\Windows\System32\msvcp_win.dll
0x00007ffbda920000 - 0x00007ffbdac55000 	C:\Windows\System32\combase.dll
0x00007ffbd9f50000 - 0x00007ffbda070000 	C:\Windows\System32\RPCRT4.dll
0x00007ffbd9e70000 - 0x00007ffbd9ef0000 	C:\Windows\System32\bcryptPrimitives.dll
0x00007ffbda880000 - 0x00007ffbda8ae000 	C:\Windows\System32\IMM32.DLL
0x00007ffba9560000 - 0x00007ffba95fb000 	C:\pleiades-2019-12-java-win-64bit-jre_20200213\pleiades\java\11\bin\msvcp140.dll
0x00007ffba8aa0000 - 0x00007ffba955a000 	C:\pleiades-2019-12-java-win-64bit-jre_20200213\pleiades\java\11\bin\server\jvm.dll
0x00007ffbdbdb0000 - 0x00007ffbdbe53000 	C:\Windows\System32\ADVAPI32.dll
0x00007ffbda3c0000 - 0x00007ffbda457000 	C:\Windows\System32\sechost.dll
0x00007ffbda3b0000 - 0x00007ffbda3b8000 	C:\Windows\System32\PSAPI.DLL
0x00007ffbc77c0000 - 0x00007ffbc77c9000 	C:\Windows\SYSTEM32\WSOCK32.dll
0x00007ffbda8b0000 - 0x00007ffbda91f000 	C:\Windows\System32\WS2_32.dll
0x00007ffbcfa10000 - 0x00007ffbcfa1a000 	C:\Windows\SYSTEM32\VERSION.dll
0x00007ffbd5790000 - 0x00007ffbd57b4000 	C:\Windows\SYSTEM32\WINMM.dll
0x00007ffbd5760000 - 0x00007ffbd578d000 	C:\Windows\SYSTEM32\winmmbase.dll
0x00007ffbd8e30000 - 0x00007ffbd8e7a000 	C:\Windows\System32\cfgmgr32.dll
0x00007ffbd8dc0000 - 0x00007ffbd8dd1000 	C:\Windows\System32\kernel.appcore.dll
0x00007ffba8a90000 - 0x00007ffba8aa0000 	C:\pleiades-2019-12-java-win-64bit-jre_20200213\pleiades\java\11\bin\verify.dll
0x00007ffbc81d0000 - 0x00007ffbc83c4000 	C:\Windows\SYSTEM32\DBGHELP.DLL
0x00007ffbc8050000 - 0x00007ffbc807a000 	C:\Windows\SYSTEM32\dbgcore.DLL
0x00007ffba8a60000 - 0x00007ffba8a88000 	C:\pleiades-2019-12-java-win-64bit-jre_20200213\pleiades\java\11\bin\java.dll
0x00007ffba8a40000 - 0x00007ffba8a56000 	C:\pleiades-2019-12-java-win-64bit-jre_20200213\pleiades\java\11\bin\zip.dll
0x00007ffba8a30000 - 0x00007ffba8a3a000 	C:\pleiades-2019-12-java-win-64bit-jre_20200213\pleiades\java\11\bin\jimage.dll
0x00007ffbdadc0000 - 0x00007ffbdb4a6000 	C:\Windows\System32\SHELL32.dll
0x00007ffbda080000 - 0x00007ffbda129000 	C:\Windows\System32\shcore.dll
0x00007ffbd9200000 - 0x00007ffbd9980000 	C:\Windows\System32\windows.storage.dll
0x00007ffbd8d70000 - 0x00007ffbd8d93000 	C:\Windows\System32\profapi.dll
0x00007ffbd8de0000 - 0x00007ffbd8e2a000 	C:\Windows\System32\powrprof.dll
0x00007ffbd8d60000 - 0x00007ffbd8d70000 	C:\Windows\System32\UMPDC.dll
0x00007ffbda290000 - 0x00007ffbda2e2000 	C:\Windows\System32\shlwapi.dll
0x00007ffbd8f30000 - 0x00007ffbd8f47000 	C:\Windows\System32\cryptsp.dll
0x00007ffba8a10000 - 0x00007ffba8a29000 	C:\pleiades-2019-12-java-win-64bit-jre_20200213\pleiades\java\11\bin\net.dll
0x00007ffbcbf70000 - 0x00007ffbcc060000 	C:\Windows\SYSTEM32\WINHTTP.dll
0x00007ffbd85d0000 - 0x00007ffbd8637000 	C:\Windows\system32\mswsock.dll
0x00007ffba89f0000 - 0x00007ffba8a02000 	C:\pleiades-2019-12-java-win-64bit-jre_20200213\pleiades\java\11\bin\nio.dll
0x00007ffba8350000 - 0x00007ffba8359000 	C:\pleiades-2019-12-java-win-64bit-jre_20200213\pleiades\java\11\bin\management.dll
0x00007ffba8340000 - 0x00007ffba834b000 	C:\pleiades-2019-12-java-win-64bit-jre_20200213\pleiades\java\11\bin\management_ext.dll
0x00007ffbc5540000 - 0x00007ffbc5556000 	C:\Windows\system32\napinsp.dll
0x00007ffbc32d0000 - 0x00007ffbc32ea000 	C:\Windows\system32\pnrpnsp.dll
0x00007ffbd8320000 - 0x00007ffbd83eb000 	C:\Windows\SYSTEM32\DNSAPI.dll
0x00007ffbda070000 - 0x00007ffbda078000 	C:\Windows\System32\NSI.dll
0x00007ffbd82e0000 - 0x00007ffbd831a000 	C:\Windows\SYSTEM32\IPHLPAPI.DLL
0x00007ffbd43f0000 - 0x00007ffbd43fe000 	C:\Windows\System32\winrnr.dll
0x00007ffbd58a0000 - 0x00007ffbd58bc000 	C:\Windows\system32\NLAapi.dll
0x00007ffbc01c0000 - 0x00007ffbc01d5000 	C:\Windows\system32\wshbth.dll
0x00007ffbcc130000 - 0x00007ffbcc13a000 	C:\Windows\System32\rasadhlp.dll
0x00007ffbcfbf0000 - 0x00007ffbcfc67000 	C:\Windows\System32\fwpuclnt.dll
0x00007ffbd9e40000 - 0x00007ffbd9e66000 	C:\Windows\System32\bcrypt.dll
0x00007ffbd8140000 - 0x00007ffbd8173000 	C:\Windows\system32\rsaenh.dll
0x00007ffbd8c80000 - 0x00007ffbd8ca5000 	C:\Windows\SYSTEM32\USERENV.dll
0x00007ffbd87a0000 - 0x00007ffbd87ac000 	C:\Windows\SYSTEM32\CRYPTBASE.dll
0x00007ffbd21c0000 - 0x00007ffbd21d6000 	C:\Windows\SYSTEM32\dhcpcsvc6.DLL
0x00007ffbd2370000 - 0x00007ffbd238c000 	C:\Windows\SYSTEM32\dhcpcsvc.DLL

dbghelp: loaded successfully - version: 4.0.5 - missing functions: none
symbol engine: initialized successfully - sym options: 0x614 - pdb path: .;C:\pleiades-2019-12-java-win-64bit-jre_20200213\pleiades\java\11\bin;C:\Windows\SYSTEM32;C:\Windows\WinSxS\amd64_microsoft.windows.common-controls_6595b64144ccf1df_6.0.18362.900_none_e6beb9d913147d17;C:\pleiades-2019-12-java-win-64bit-jre_20200213\pleiades\java\11\bin\server

VM Arguments:
jvm_args: -Dcom.sun.management.jmxremote -Dcom.sun.management.jmxremote.port=51261 -Dcom.sun.management.jmxremote.authenticate=false -Dcom.sun.management.jmxremote.ssl=false -Djava.rmi.server.hostname=localhost -Dspring.jmx.enabled=true -Dspring.application.admin.enabled=true -Xverify:none -XX:TieredStopAtLevel=1 -Dspring.boot.project.name=Sutebo_groupA -Dfile.encoding=UTF-8 
java_command: jp.co.example.SuteboGroupAApplication --spring.output.ansi.enabled=always
java_class_path (initial): C:\git\groupA\5.ƒvƒƒOƒ‰ƒ€\ƒAƒJƒEƒ“ƒg\Sutebo_groupA\target\classes;C:\Users\user\.m2\repository\org\apache\tomcat\embed\tomcat-embed-jasper\9.0.30\tomcat-embed-jasper-9.0.30.jar;C:\Users\user\.m2\repository\org\apache\tomcat\embed\tomcat-embed-core\9.0.30\tomcat-embed-core-9.0.30.jar;C:\Users\user\.m2\repository\org\apache\tomcat\tomcat-annotations-api\9.0.30\tomcat-annotations-api-9.0.30.jar;C:\Users\user\.m2\repository\org\apache\tomcat\embed\tomcat-embed-el\9.0.30\tomcat-embed-el-9.0.30.jar;C:\Users\user\.m2\repository\org\eclipse\jdt\ecj\3.18.0\ecj-3.18.0.jar;C:\Users\user\.m2\repository\javax\servlet\jstl\1.2\jstl-1.2.jar;C:\Users\user\.m2\repository\org\springframework\boot\spring-boot-starter-jdbc\2.2.4.RELEASE\spring-boot-starter-jdbc-2.2.4.RELEASE.jar;C:\Users\user\.m2\repository\org\springframework\boot\spring-boot-starter\2.2.4.RELEASE\spring-boot-starter-2.2.4.RELEASE.jar;C:\Users\user\.m2\repository\org\springframework\boot\spring-boot\2.2.4.RELEASE\spring-boot-2.2.4.RELEASE.jar;C:\Users\user\.m2\repository\org\springframework\boot\spring-boot-autoconfigure\2.2.4.RELEASE\spring-boot-autoconfigure-2.2.4.RELEASE.jar;C:\Users\user\.m2\repository\org\springframework\boot\spring-boot-starter-logging\2.2.4.RELEASE\spring-boot-starter-logging-2.2.4.RELEASE.jar;C:\Users\user\.m2\repository\ch\qos\logback\logback-classic\1.2.3\logback-classic-1.2.3.jar;C:\Users\user\.m2\repository\ch\qos\logback\logback-core\1.2.3\logback-core-1.2.3.jar;C:\Users\user\.m2\repository\org\apache\logging\log4j\log4j-to-slf4j\2.12.1\log4j-to-slf4j-2.12.1.jar;C:\Users\user\.m2\repository\org\apache\logging\log4j\log4j-api\2.12.1\log4j-api-2.12.1.jar;C:\Users\user\.m2\repository\org\slf4j\jul-to-slf4j\1.7.30\jul-to-slf4j-1.7.30.jar;C:\Users\user\.m2\repository\org\yaml\snakeyaml\1.25\snakeyaml-1.25.jar;C:\Users\user\.m2\repository\com\zaxxer\HikariCP\3.4.2\HikariCP-3.4.2.jar;C:\Users\user\.m2\repository\org\slf4j\slf4j-api\1.7.30\slf4j-api-1.7.30.jar;C:\Use
Launcher Type: SUN_STANDARD

[Global flags]
     bool BytecodeVerificationLocal                = false                                     {product} {command line}
     bool BytecodeVerificationRemote               = false                                     {product} {command line}
     intx CICompilerCount                          = 3                                         {product} {ergonomic}
     uint ConcGCThreads                            = 1                                         {product} {ergonomic}
     uint G1ConcRefinementThreads                  = 4                                         {product} {ergonomic}
   size_t G1HeapRegionSize                         = 1048576                                   {product} {ergonomic}
    uintx GCDrainStackTargetSize                   = 64                                        {product} {ergonomic}
   size_t InitialHeapSize                          = 134217728                                 {product} {ergonomic}
     bool ManagementServer                         = true                                      {product} {command line}
   size_t MarkStackSize                            = 4194304                                   {product} {ergonomic}
   size_t MaxHeapSize                              = 2124414976                                {product} {ergonomic}
   size_t MaxNewSize                               = 1274019840                                {product} {ergonomic}
   size_t MinHeapDeltaBytes                        = 1048576                                   {product} {ergonomic}
    uintx NonNMethodCodeHeapSize                   = 6973028                                {pd product} {ergonomic}
    uintx NonProfiledCodeHeapSize                  = 244685212                              {pd product} {ergonomic}
    uintx ProfiledCodeHeapSize                     = 0                                      {pd product} {ergonomic}
    uintx ReservedCodeCacheSize                    = 251658240                              {pd product} {ergonomic}
     bool SegmentedCodeCache                       = true                                      {product} {ergonomic}
     intx TieredStopAtLevel                        = 1                                         {product} {command line}
     bool UseCompressedClassPointers               = true                                 {lp64_product} {ergonomic}
     bool UseCompressedOops                        = true                                 {lp64_product} {ergonomic}
     bool UseG1GC                                  = true                                      {product} {ergonomic}
     bool UseLargePagesIndividualAllocation        = false                                  {pd product} {ergonomic}

Logging:
Log output configuration:
 #0: stdout all=warning uptime,level,tags
 #1: stderr all=off uptime,level,tags

Environment Variables:
CLASSPATH=.;C:\JDBC\postgresql-42.2.12.jar
PATH=C:/pleiades-2019-12-java-win-64bit-jre_20200213/pleiades/eclipse//jre/bin/server;C:/pleiades-2019-12-java-win-64bit-jre_20200213/pleiades/eclipse//jre/bin;C:\Windows\system32;C:\Windows;C:\Windows\System32\Wbem;C:\Windows\System32\WindowsPowerShell\v1.0\;C:\Windows\System32\OpenSSH\;C:\pleiades-2019-12-java-win-64bit-jre_20200213\pleiades\java\11\bin;C:\Program Files\Git\cmd;C:\Program Files\TortoiseGit\bin;C:\Users\user\AppData\Local\Microsoft\WindowsApps;;C:\Users\user\AppData\Local\Programs\Microsoft VS Code\bin;C:\pleiades-2019-12-java-win-64bit-jre_20200213\pleiades\eclipse;
USERNAME=user
OS=Windows_NT
PROCESSOR_IDENTIFIER=Intel64 Family 6 Model 69 Stepping 1, GenuineIntel



---------------  S Y S T E M  ---------------

OS: Windows 10 , 64 bit Build 18362 (10.0.18362.900)

CPU:total 4 (initial active 4) (2 cores per cpu, 2 threads per core) family 6 model 69 stepping 1, cmov, cx8, fxsr, mmx, sse, sse2, sse3, ssse3, sse4.1, sse4.2, popcnt, avx, avx2, aes, clmul, erms, lzcnt, ht, tsc, tscinvbit, bmi1, bmi2, fma

Memory: 4k page, system-wide physical 8097M (2477M free)
TotalPageFile size 32673M (AvailPageFile size 25M)
current process WorkingSet (physical memory assigned to process): 198M, peak: 198M
current process commit charge ("private bytes"): 261M, peak: 287M

vm_info: OpenJDK 64-Bit Server VM (11.0.5+10) for windows-amd64 JRE (11.0.5+10), built on Oct 19 2019 12:23:57 by "" with MS VC++ 15.8 (VS2017)

END.
